<?xml version="1.0" encoding="UTF-8"?>
<!-- Generated by org.testng.reporters.JUnitXMLReporter -->
<testsuite ignored="1" hostname="WINAA5CG2114BSD" failures="0" tests="7" name="Test" time="0.085" errors="0" timestamp="2024-08-29T21:30:21 IST">
  <testcase classname="com.testNg.Demo" name="m1" time="0.004"/>
  <testcase classname="com.testNg.Demo" name="m2" time="0.002"/>
  <testcase classname="com.testNg.Demo2" name="m3" time="0.002"/>
  <testcase classname="com.testNg.Demo2" name="m3" time="0.001"/>
  <testcase classname="com.testNg.Demo2" name="m3" time="0.002"/>
  <testcase classname="com.testNg.Demo2" name="m2" time="0.002"/>
  <testcase classname="com.testNg.Demo2" name="m5" time="0.001"/>
  <testcase classname="com.testNg.Demo2" name="m4" time="0.0">
    <ignored/>
  </testcase> <!-- m4 -->
</testsuite> <!-- Test -->
