<?xml version="1.0" encoding="UTF-8"?>
<testng-results ignored="0" total="1" passed="1" failed="0" skipped="0">
  <reporter-output>
  </reporter-output>
  <suite started-at="2024-09-03T09:51:37 IST" name="Default suite" finished-at="2024-09-03T09:51:46 IST" duration-ms="8270">
    <groups>
    </groups>
    <test started-at="2024-09-03T09:51:37 IST" name="Default test" finished-at="2024-09-03T09:51:46 IST" duration-ms="8270">
      <class name="com.testNg.Reports">
        <test-method is-config="true" signature="reports()[pri:0, instance:com.testNg.Reports@5505ae1a]" started-at="2024-09-03T09:51:37 IST" name="reports" finished-at="2024-09-03T09:51:37 IST" duration-ms="168" status="PASS">
          <reporter-output>
          </reporter-output>
        </test-method> <!-- reports -->
        <test-method signature="login()[pri:0, instance:com.testNg.Reports@5505ae1a]" started-at="2024-09-03T09:51:37 IST" name="login" finished-at="2024-09-03T09:51:46 IST" duration-ms="8065" status="PASS">
          <reporter-output>
          </reporter-output>
        </test-method> <!-- login -->
      </class> <!-- com.testNg.Reports -->
    </test> <!-- Default test -->
  </suite> <!-- Default suite -->
</testng-results>
