<?xml version="1.0" encoding="UTF-8"?>
<!-- Generated by org.testng.reporters.JUnitReportReporter -->
<testsuite hostname="WINAA5CG2114BSD" failures="0" tests="6" name="com.testNg.LiveScreens" time="0.014" errors="0" timestamp="2024-08-29T21:30:22 IST" skipped="0">
  <testcase classname="com.testNg.LiveScreens" name="Livecomplexevents" time="0.002"/>
  <testcase classname="com.testNg.LiveScreens" name="Livechannels" time="0.003"/>
  <testcase classname="com.testNg.LiveScreens" name="LiveSimpleevents" time="0.001"/>
  <testcase classname="com.testNg.LiveScreens" name="LiveModerateevents" time="0.004"/>
  <testcase classname="com.testNg.LiveScreens" name="Liveevents" time="0.000"/>
  <testcase classname="com.testNg.LiveScreens" name="LiveCOmevents" time="0.004"/>
</testsuite> <!-- com.testNg.LiveScreens -->
